[    0.000000] Linux version 4.15.0-74-generic (buildd@lcy01-amd64-022) (gcc version 7.4.0 (Ubuntu 7.4.0-1ubuntu1~18.04.1)) #84-Ubuntu SMP Thu Dec 19 08:06:28 UTC 2019 (Ubuntu 4.15.0-74.84-generic 4.15.18)
[    0.000000] Command line: BOOT_IMAGE=/boot/vmlinuz-4.15.0-74-generic root=LABEL=cloudimg-rootfs ro console=tty1 console=ttyS0
[    0.000000] KERNEL supported cpus:
[    0.000000]   Intel GenuineIntel
[    0.000000]   AMD AuthenticAMD
[    0.000000]   Centaur CentaurHauls
[    0.000000] x86/fpu: Supporting XSAVE feature 0x001: 'x87 floating point registers'
[    0.000000] x86/fpu: Supporting XSAVE feature 0x002: 'SSE registers'
[    0.000000] x86/fpu: Supporting XSAVE feature 0x004: 'AVX registers'
[    0.000000] x86/fpu: xstate_offset[2]:  576, xstate_sizes[2]:  256
[    0.000000] x86/fpu: Enabled xstate features 0x7, context size is 832 bytes, using 'standard' format.
[    0.000000] e820: BIOS-provided physical RAM map:
[    0.000000] BIOS-e820: [mem 0x0000000000000000-0x000000000009fbff] usable
[    0.000000] BIOS-e820: [mem 0x000000000009fc00-0x000000000009ffff] reserved
[    0.000000] BIOS-e820: [mem 0x00000000000f0000-0x00000000000fffff] reserved
[    0.000000] BIOS-e820: [mem 0x0000000000100000-0x000000003ffeffff] usable
[    0.000000] BIOS-e820: [mem 0x000000003fff0000-0x000000003fffffff] ACPI data
[    0.000000] BIOS-e820: [mem 0x00000000fec00000-0x00000000fec00fff] reserved
[    0.000000] BIOS-e820: [mem 0x00000000fee00000-0x00000000fee00fff] reserved
[    0.000000] BIOS-e820: [mem 0x00000000fffc0000-0x00000000ffffffff] reserved
[    0.000000] NX (Execute Disable) protection: active
[    0.000000] SMBIOS 2.5 present.
[    0.000000] DMI: innotek GmbH VirtualBox/VirtualBox, BIOS VirtualBox 12/01/2006
[    0.000000] Hypervisor detected: KVM
[    0.000000] e820: last_pfn = 0x3fff0 max_arch_pfn = 0x400000000
[    0.000000] MTRR: Disabled
[    0.000000] x86/PAT: MTRRs disabled, skipping PAT initialization too.
[    0.000000] CPU MTRRs all blank - virtualized system.
[    0.000000] x86/PAT: Configuration [0-7]: WB  WT  UC- UC  WB  WT  UC- UC  
[    0.000000] found SMP MP-table at [mem 0x0009fff0-0x0009ffff]
[    0.000000] Scanning 1 areas for low memory corruption
[    0.000000] RAMDISK: [mem 0x35a6f000-0x36d2efff]
[    0.000000] ACPI: Early table checksum verification disabled
[    0.000000] ACPI: RSDP 0x00000000000E0000 000024 (v02 VBOX  )
[    0.000000] ACPI: XSDT 0x000000003FFF0030 00003C (v01 VBOX   VBOXXSDT 00000001 ASL  00000061)
[    0.000000] ACPI: FACP 0x000000003FFF00F0 0000F4 (v04 VBOX   VBOXFACP 00000001 ASL  00000061)
[    0.000000] ACPI: DSDT 0x000000003FFF0470 0022EA (v02 VBOX   VBOXBIOS 00000002 INTL 20100528)
[    0.000000] ACPI: FACS 0x000000003FFF0200 000040
[    0.000000] ACPI: FACS 0x000000003FFF0200 000040
[    0.000000] ACPI: APIC 0x000000003FFF0240 00005C (v02 VBOX   VBOXAPIC 00000001 ASL  00000061)
[    0.000000] ACPI: SSDT 0x000000003FFF02A0 0001CC (v01 VBOX   VBOXCPUT 00000002 INTL 20100528)
[    0.000000] No NUMA configuration found
[    0.000000] Faking a node at [mem 0x0000000000000000-0x000000003ffeffff]
[    0.000000] NODE_DATA(0) allocated [mem 0x3ffc5000-0x3ffeffff]
[    0.000000] kvm-clock: cpu 0, msr 0:3ff44001, primary cpu clock
[    0.000000] kvm-clock: Using msrs 4b564d01 and 4b564d00
[    0.000000] kvm-clock: using sched offset of 3811852426 cycles
[    0.000000] clocksource: kvm-clock: mask: 0xffffffffffffffff max_cycles: 0x1cd42e4dffb, max_idle_ns: 881590591483 ns
[    0.000000] Zone ranges:
[    0.000000]   DMA      [mem 0x0000000000001000-0x0000000000ffffff]
[    0.000000]   DMA32    [mem 0x0000000001000000-0x000000003ffeffff]
[    0.000000]   Normal   empty
[    0.000000]   Device   empty
[    0.000000] Movable zone start for each node
[    0.000000] Early memory node ranges
[    0.000000]   node   0: [mem 0x0000000000001000-0x000000000009efff]
[    0.000000]   node   0: [mem 0x0000000000100000-0x000000003ffeffff]
[    0.000000] Reserved but unavailable: 98 pages
[    0.000000] Initmem setup node 0 [mem 0x0000000000001000-0x000000003ffeffff]
[    0.000000] ACPI: PM-Timer IO Port: 0x4008
[    0.000000] IOAPIC[0]: apic_id 2, version 32, address 0xfec00000, GSI 0-23
[    0.000000] ACPI: INT_SRC_OVR (bus 0 bus_irq 0 global_irq 2 dfl dfl)
[    0.000000] ACPI: INT_SRC_OVR (bus 0 bus_irq 9 global_irq 9 low level)
[    0.000000] Using ACPI (MADT) for SMP configuration information
[    0.000000] smpboot: Allowing 2 CPUs, 0 hotplug CPUs
[    0.000000] PM: Registered nosave memory: [mem 0x00000000-0x00000fff]
[    0.000000] PM: Registered nosave memory: [mem 0x0009f000-0x0009ffff]
[    0.000000] PM: Registered nosave memory: [mem 0x000a0000-0x000effff]
[    0.000000] PM: Registered nosave memory: [mem 0x000f0000-0x000fffff]
[    0.000000] e820: [mem 0x40000000-0xfebfffff] available for PCI devices
[    0.000000] Booting paravirtualized kernel on KVM
[    0.000000] clocksource: refined-jiffies: mask: 0xffffffff max_cycles: 0xffffffff, max_idle_ns: 7645519600211568 ns
[    0.000000] random: get_random_bytes called from start_kernel+0x99/0x4fd with crng_init=0
[    0.000000] setup_percpu: NR_CPUS:8192 nr_cpumask_bits:2 nr_cpu_ids:2 nr_node_ids:1
[    0.000000] percpu: Embedded 45 pages/cpu s147456 r8192 d28672 u1048576
[    0.000000] PV qspinlock hash table entries: 256 (order: 0, 4096 bytes)
[    0.000000] Built 1 zonelists, mobility grouping on.  Total pages: 257913
[    0.000000] Policy zone: DMA32
[    0.000000] Kernel command line: BOOT_IMAGE=/boot/vmlinuz-4.15.0-74-generic root=LABEL=cloudimg-rootfs ro console=tty1 console=ttyS0
[    0.000000] Memory: 983080K/1048120K available (12300K kernel code, 2481K rwdata, 4260K rodata, 2428K init, 2704K bss, 65040K reserved, 0K cma-reserved)
[    0.000000] SLUB: HWalign=64, Order=0-3, MinObjects=0, CPUs=2, Nodes=1
[    0.000000] Kernel/User page tables isolation: enabled
[    0.000000] ftrace: allocating 39322 entries in 154 pages
[    0.004000] Hierarchical RCU implementation.
[    0.004000] 	RCU restricting CPUs from NR_CPUS=8192 to nr_cpu_ids=2.
[    0.004000] 	Tasks RCU enabled.
[    0.004000] RCU: Adjusting geometry for rcu_fanout_leaf=16, nr_cpu_ids=2
[    0.004000] NR_IRQS: 524544, nr_irqs: 440, preallocated irqs: 16
[    0.004000] Console: colour VGA+ 80x25
[    0.004000] console [tty1] enabled
[    0.004000] console [ttyS0] enabled
[    0.004000] ACPI: Core revision 20170831
[    0.004000] ACPI: 2 ACPI AML tables successfully acquired and loaded
[    0.004000] APIC: Switch to symmetric I/O mode setup
[    0.004000] x2apic enabled
[    0.004000] Switched APIC routing to physical x2apic.
[    0.004000] ..TIMER: vector=0x30 apic1=0 pin1=2 apic2=-1 pin2=-1
[    0.004004] tsc: Detected 2904.000 MHz processor
[    0.008027] Calibrating delay loop (skipped) preset value.. 5808.00 BogoMIPS (lpj=11616000)
[    0.010427] pid_max: default: 32768 minimum: 301
[    0.012034] Security Framework initialized
[    0.013241] Yama: becoming mindful.
[    0.014291] AppArmor: AppArmor initialized
[    0.016076] Dentry cache hash table entries: 131072 (order: 8, 1048576 bytes)
[    0.018282] Inode-cache hash table entries: 65536 (order: 7, 524288 bytes)
[    0.020016] Mount-cache hash table entries: 2048 (order: 2, 16384 bytes)
[    0.024006] Mountpoint-cache hash table entries: 2048 (order: 2, 16384 bytes)
[    0.026305] Last level iTLB entries: 4KB 64, 2MB 8, 4MB 8
[    0.028003] Last level dTLB entries: 4KB 64, 2MB 0, 4MB 0, 1GB 4
[    0.030462] Spectre V1 : Mitigation: usercopy/swapgs barriers and __user pointer sanitization
[    0.032002] Spectre V2 : Mitigation: Full generic retpoline
[    0.033541] Spectre V2 : Spectre v2 / SpectreRSB mitigation: Filling RSB on context switch
[    0.036002] Speculative Store Bypass: Vulnerable
[    0.037323] MDS: Mitigation: Clear CPU buffers
[    0.040198] Freeing SMP alternatives memory: 36K
[    0.150929] smpboot: CPU0: Intel(R) Core(TM) i7-7500U CPU @ 2.70GHz (family: 0x6, model: 0x8e, stepping: 0x9)
[    0.152000] Performance Events: unsupported p6 CPU model 142 no PMU driver, software events only.
[    0.152036] Hierarchical SRCU implementation.
[    0.153638] NMI watchdog: Perf event create on CPU 0 failed with -2
[    0.156002] NMI watchdog: Perf NMI watchdog permanently disabled
[    0.157486] smp: Bringing up secondary CPUs ...
[    0.158659] x86: Booting SMP configuration:
[    0.160002] .... node  #0, CPUs:      #1
[    0.004000] kvm-clock: cpu 1, msr 0:3ff44041, secondary cpu clock
[    0.164019] smp: Brought up 1 node, 2 CPUs
[    0.165087] smpboot: Max logical packages: 1
[    0.166172] smpboot: Total of 2 processors activated (11616.00 BogoMIPS)
[    0.168127] devtmpfs: initialized
[    0.168922] x86/mm: Memory block size: 128MB
[    0.170169] evm: security.selinux
[    0.172003] evm: security.SMACK64
[    0.172857] evm: security.SMACK64EXEC
[    0.173838] evm: security.SMACK64TRANSMUTE
[    0.174820] evm: security.SMACK64MMAP
[    0.176002] evm: security.apparmor
[    0.176882] evm: security.ima
[    0.177816] evm: security.capability
[    0.178747] clocksource: jiffies: mask: 0xffffffff max_cycles: 0xffffffff, max_idle_ns: 7645041785100000 ns
[    0.180027] futex hash table entries: 512 (order: 3, 32768 bytes)
[    0.187375] pinctrl core: initialized pinctrl subsystem
[    0.188158] RTC time: 14:19:22, date: 01/27/20
[    0.189527] NET: Registered protocol family 16
[    0.192097] audit: initializing netlink subsys (disabled)
[    0.193907] audit: type=2000 audit(1580134767.256:1): state=initialized audit_enabled=0 res=1
[    0.196010] cpuidle: using governor ladder
[    0.197331] cpuidle: using governor menu
[    0.198570] ACPI: bus type PCI registered
[    0.200003] acpiphp: ACPI Hot Plug PCI Controller Driver version: 0.5
[    0.201928] PCI: Using configuration type 1 for base access
[    0.204425] HugeTLB registered 2.00 MiB page size, pre-allocated 0 pages
[    0.208078] ACPI: Added _OSI(Module Device)
[    0.209284] ACPI: Added _OSI(Processor Device)
[    0.210575] ACPI: Added _OSI(3.0 _SCP Extensions)
[    0.211951] ACPI: Added _OSI(Processor Aggregator Device)
[    0.212016] ACPI: Added _OSI(Linux-Dell-Video)
[    0.213395] ACPI: Added _OSI(Linux-Lenovo-NV-HDMI-Audio)
[    0.216008] ACPI: Added _OSI(Linux-HPI-Hybrid-Graphics)
[    0.217904] ACPI: Executed 1 blocks of module-level executable AML code
[    0.224664] ACPI: Interpreter enabled
[    0.225643] ACPI: (supports S0 S5)
[    0.226676] ACPI: Using IOAPIC for interrupt routing
[    0.228000] PCI: Using host bridge windows from ACPI; if necessary, use "pci=nocrs" and report a bug
[    0.228203] ACPI: Enabled 2 GPEs in block 00 to 07
[    0.239334] ACPI: PCI Root Bridge [PCI0] (domain 0000 [bus 00-ff])
[    0.240012] acpi PNP0A03:00: _OSC: OS supports [ASPM ClockPM Segments MSI]
[    0.242791] acpi PNP0A03:00: _OSC: not requesting OS control; OS requires [ExtendedConfig ASPM ClockPM MSI]
[    0.244013] acpi PNP0A03:00: fail to add MMCONFIG information, can't access extended PCI configuration space under this bridge.
[    0.248386] PCI host bridge to bus 0000:00
[    0.252005] pci_bus 0000:00: root bus resource [io  0x0000-0x0cf7 window]
[    0.253983] pci_bus 0000:00: root bus resource [io  0x0d00-0xffff window]
[    0.256003] pci_bus 0000:00: root bus resource [mem 0x000a0000-0x000bffff window]
[    0.258309] pci_bus 0000:00: root bus resource [mem 0x40000000-0xfdffffff window]
[    0.260003] pci_bus 0000:00: root bus resource [bus 00-ff]
[    0.264783] pci 0000:00:01.1: legacy IDE quirk: reg 0x10: [io  0x01f0-0x01f7]
[    0.266787] pci 0000:00:01.1: legacy IDE quirk: reg 0x14: [io  0x03f6]
[    0.268003] pci 0000:00:01.1: legacy IDE quirk: reg 0x18: [io  0x0170-0x0177]
[    0.269897] pci 0000:00:01.1: legacy IDE quirk: reg 0x1c: [io  0x0376]
[    0.294950] pci 0000:00:07.0: quirk: [io  0x4000-0x403f] claimed by PIIX4 ACPI
[    0.296021] pci 0000:00:07.0: quirk: [io  0x4100-0x410f] claimed by PIIX4 SMB
[    0.307521] ACPI: PCI Interrupt Link [LNKA] (IRQs 5 9 10 *11)
[    0.308439] ACPI: PCI Interrupt Link [LNKB] (IRQs 5 9 *10 11)
[    0.310191] ACPI: PCI Interrupt Link [LNKC] (IRQs 5 *9 10 11)
[    0.312134] ACPI: PCI Interrupt Link [LNKD] (IRQs 5 9 10 *11)
[    0.314103] SCSI subsystem initialized
[    0.316094] pci 0000:00:02.0: vgaarb: setting as boot VGA device
[    0.317785] pci 0000:00:02.0: vgaarb: VGA device added: decodes=io+mem,owns=io+mem,locks=none
[    0.317785] pci 0000:00:02.0: vgaarb: bridge control possible
[    0.317785] vgaarb: loaded
[    0.320029] ACPI: bus type USB registered
[    0.321309] usbcore: registered new interface driver usbfs
[    0.324010] usbcore: registered new interface driver hub
[    0.325635] usbcore: registered new device driver usb
[    0.328042] EDAC MC: Ver: 3.0.0
[    0.328243] PCI: Using ACPI for IRQ routing
[    0.332008] NetLabel: Initializing
[    0.332008] NetLabel:  domain hash size = 128
[    0.332008] NetLabel:  protocols = UNLABELED CIPSOv4 CALIPSO
[    0.333607] NetLabel:  unlabeled traffic allowed by default
[    0.336142] clocksource: Switched to clocksource kvm-clock
[    0.357011] VFS: Disk quotas dquot_6.6.0
[    0.358211] VFS: Dquot-cache hash table entries: 512 (order 0, 4096 bytes)
[    0.360118] AppArmor: AppArmor Filesystem Enabled
[    0.361443] pnp: PnP ACPI init
[    0.363583] pnp: PnP ACPI: found 3 devices
[    0.370573] clocksource: acpi_pm: mask: 0xffffff max_cycles: 0xffffff, max_idle_ns: 2085701024 ns
[    0.373096] NET: Registered protocol family 2
[    0.374516] TCP established hash table entries: 8192 (order: 4, 65536 bytes)
[    0.376315] TCP bind hash table entries: 8192 (order: 5, 131072 bytes)
[    0.380816] TCP: Hash tables configured (established 8192 bind 8192)
[    0.383588] UDP hash table entries: 512 (order: 2, 16384 bytes)
[    0.385264] UDP-Lite hash table entries: 512 (order: 2, 16384 bytes)
[    0.386942] NET: Registered protocol family 1
[    0.388215] pci 0000:00:00.0: Limiting direct PCI/PCI transfers
[    0.389886] pci 0000:00:01.0: Activating ISA DMA hang workarounds
[    0.391602] pci 0000:00:02.0: Video device with shadowed ROM at [mem 0x000c0000-0x000dffff]
[    0.395567] Unpacking initramfs...
[    0.716175] Freeing initrd memory: 19200K
[    0.717921] clocksource: tsc: mask: 0xffffffffffffffff max_cycles: 0x29dc05e54fc, max_idle_ns: 440795291716 ns
[    0.721517] platform rtc_cmos: registered platform RTC device (no PNP device found)
[    0.724126] Scanning for low memory corruption every 60 seconds
[    0.726898] Initialise system trusted keyrings
[    0.728685] Key type blacklist registered
[    0.730294] workingset: timestamp_bits=36 max_order=18 bucket_order=0
[    0.733857] zbud: loaded
[    0.735400] squashfs: version 4.0 (2009/01/31) Phillip Lougher
[    0.737916] fuse init (API version 7.26)
[    0.744135] Key type asymmetric registered
[    0.745357] Asymmetric key parser 'x509' registered
[    0.746897] Block layer SCSI generic (bsg) driver version 0.4 loaded (major 246)
[    0.749595] io scheduler noop registered
[    0.750695] io scheduler deadline registered
[    0.751985] io scheduler cfq registered (default)
[    0.753912] ACPI: AC Adapter [AC] (on-line)
[    0.755148] input: Power Button as /devices/LNXSYSTM:00/LNXPWRBN:00/input/input0
[    0.757654] ACPI: Power Button [PWRF]
[    0.758806] input: Sleep Button as /devices/LNXSYSTM:00/LNXSLPBN:00/input/input1
[    0.761308] ACPI: Sleep Button [SLPF]
[    0.763295] Serial: 8250/16550 driver, 32 ports, IRQ sharing enabled
[    0.764640] ACPI: Battery Slot [BAT0] (battery present)
[    0.787260] 00:02: ttyS0 at I/O 0x3f8 (irq = 4, base_baud = 115200) is a 16550A
[    0.791568] Linux agpgart interface v0.103
[    0.793861] loop: module loaded
[    0.795443] scsi host0: ata_piix
[    0.796575] scsi host1: ata_piix
[    0.797478] ata1: PATA max UDMA/33 cmd 0x1f0 ctl 0x3f6 bmdma 0xd000 irq 14
[    0.799092] ata2: PATA max UDMA/33 cmd 0x170 ctl 0x376 bmdma 0xd008 irq 15
[    0.801171] libphy: Fixed MDIO Bus: probed
[    0.802262] tun: Universal TUN/TAP device driver, 1.6
[    0.803601] PPP generic driver version 2.4.2
[    0.804715] ehci_hcd: USB 2.0 'Enhanced' Host Controller (EHCI) Driver
[    0.806303] ehci-pci: EHCI PCI platform driver
[    0.807538] ehci-platform: EHCI generic platform driver
[    0.808957] ohci_hcd: USB 1.1 'Open' Host Controller (OHCI) Driver
[    0.810492] ohci-pci: OHCI PCI platform driver
[    0.811656] ohci-platform: OHCI generic platform driver
[    0.812960] uhci_hcd: USB Universal Host Controller Interface driver
[    0.814614] i8042: PNP: PS/2 Controller [PNP0303:PS2K,PNP0f03:PS2M] at 0x60,0x64 irq 1,12
[    0.817268] serio: i8042 KBD port at 0x60,0x64 irq 1
[    0.818770] serio: i8042 AUX port at 0x60,0x64 irq 12
[    0.820568] mousedev: PS/2 mouse device common for all mice
[    0.822282] input: AT Translated Set 2 keyboard as /devices/platform/i8042/serio0/input/input2
[    0.825019] rtc_cmos rtc_cmos: rtc core: registered rtc_cmos as rtc0
[    0.826608] rtc_cmos rtc_cmos: alarms up to one day, 114 bytes nvram
[    0.828143] i2c /dev entries driver
[    0.829257] device-mapper: uevent: version 1.0.3
[    0.830503] device-mapper: ioctl: 4.37.0-ioctl (2017-09-20) initialised: dm-devel@redhat.com
[    0.832720] ledtrig-cpu: registered to indicate activity on CPUs
[    0.834784] NET: Registered protocol family 10
[    0.839370] Segment Routing with IPv6
[    0.840472] NET: Registered protocol family 17
[    0.841726] Key type dns_resolver registered
[    0.843126] mce: Using 0 MCE banks
[    0.844070] RAS: Correctable Errors collector initialized.
[    0.845517] sched_clock: Marking stable (845496656, 0)->(1138904470, -293407814)
[    0.847999] registered taskstats version 1
[    0.849084] Loading compiled-in X.509 certificates
[    0.852573] Loaded X.509 cert 'Build time autogenerated kernel key: 62d24f9c726e026b112735485dad6e6e4b50c923'
[    0.855078] zswap: loaded using pool lzo/zbud
[    0.860326] Key type big_key registered
[    0.864613] Key type trusted registered
[    0.871313] Key type encrypted registered
[    0.873367] AppArmor: AppArmor sha1 policy hashing enabled
[    0.874931] ima: No TPM chip found, activating TPM-bypass! (rc=-19)
[    0.876714] ima: Allocated hash algorithm: sha1
[    0.877944] evm: HMAC attrs: 0x1
[    0.879206]   Magic number: 4:753:334
[    0.880383] tty tty55: hash matches
[    0.881623] rtc_cmos rtc_cmos: setting system clock to 2020-01-27 14:19:22 UTC (1580134762)
[    0.884077] BIOS EDD facility v0.16 2004-Jun-25, 0 devices found
[    0.885728] EDD information not available.
[    0.964360] Freeing unused kernel image memory: 2428K
[    0.980296] Write protecting the kernel read-only data: 20480k
[    0.984428] Freeing unused kernel image memory: 2008K
[    0.986942] Freeing unused kernel image memory: 1884K
[    1.000774] x86/mm: Checked W+X mappings: passed, no W+X pages found.
[    1.003145] x86/mm: Checking user space page tables
[    1.014031] x86/mm: Checked W+X mappings: passed, no W+X pages found.
Loading, please wait...
starting version 237
[    1.091411] Fusion MPT base driver 3.04.20
[    1.092496] Copyright (c) 1999-2008 LSI Corporation
[    1.117091] e1000: Intel(R) PRO/1000 Network Driver - version 7.3.21-k8-NAPI
[    1.119497] e1000: Copyright (c) 1999-2006 Intel Corporation.
[    1.127220] Fusion MPT SPI Host driver 3.04.20
[    1.128536] AVX2 version of gcm_enc/dec engaged.
[    1.130896] AES CTR mode by8 optimization enabled
[    1.142328] mptbase: ioc0: Initiating bringup
[    1.249136] ioc0: LSI53C1030 A0: Capabilities={Initiator}
[    1.322429] input: ImExPS/2 Generic Explorer Mouse as /devices/platform/i8042/serio1/input/input4
[    1.498726] scsi host2: ioc0: LSI53C1030 A0, FwRev=00000000h, Ports=1, MaxQ=256, IRQ=20
[    1.669250] scsi 2:0:0:0: Direct-Access     VBOX     HARDDISK         1.0  PQ: 0 ANSI: 5
[    1.723261] scsi target2:0:0: Beginning Domain Validation
[    1.728989] scsi target2:0:0: Domain Validation skipping write tests
[    1.731251] scsi target2:0:0: Ending Domain Validation
[    1.733131] scsi target2:0:0: asynchronous
[    1.735506] scsi 2:0:1:0: Direct-Access     VBOX     HARDDISK         1.0  PQ: 0 ANSI: 5
[    2.076135] scsi target2:0:1: Beginning Domain Validation
[    2.080557] random: fast init done
[    2.082665] scsi target2:0:1: Domain Validation skipping write tests
[    2.084802] scsi target2:0:1: Ending Domain Validation
[    2.086171] scsi target2:0:1: asynchronous
[    2.093134] random: systemd-udevd: uninitialized urandom read (16 bytes read)
[    2.095663] random: systemd-udevd: uninitialized urandom read (16 bytes read)
[    2.098495] random: systemd-udevd: uninitialized urandom read (16 bytes read)
[    2.101022] sd 2:0:0:0: Attached scsi generic sg0 type 0
[    2.103014] sd 2:0:0:0: [sda] 20971520 512-byte logical blocks: (10.7 GB/10.0 GiB)
[    2.106168] e1000 0000:00:03.0 eth0: (PCI:33MHz:32-bit) 02:22:e7:1f:39:14
[    2.106332] sd 2:0:0:0: [sda] Write Protect is off
[    2.108061] e1000 0000:00:03.0 eth0: Intel(R) PRO/1000 Network Connection
[    2.111665] sd 2:0:1:0: [sdb] 20480 512-byte logical blocks: (10.5 MB/10.0 MiB)
[    2.112286] sd 2:0:1:0: Attached scsi generic sg1 type 0
[    2.114460] sd 2:0:1:0: [sdb] Write Protect is off
[    2.116002] sd 2:0:0:0: [sda] Incomplete mode parameter data
[    2.119303] sd 2:0:0:0: [sda] Assuming drive cache: write through
[    2.120378] e1000 0000:00:03.0 enp0s3: renamed from eth0
[    2.124013] sd 2:0:1:0: [sdb] Incomplete mode parameter data
[    2.125646] sd 2:0:1:0: [sdb] Assuming drive cache: write through
[    2.132491]  sda: sda1
[    2.135226] sd 2:0:0:0: [sda] Attached SCSI disk
[    2.136324] sd 2:0:1:0: [sdb] Attached SCSI disk
Begin: Loading essential drivers ... [    3.740048] raid6: sse2x1   gen() 11603 MB/s
[    3.788309] raid6: sse2x1   xor()  8410 MB/s
[    3.836090] raid6: sse2x2   gen() 14192 MB/s
[    3.884350] raid6: sse2x2   xor()  9677 MB/s
[    3.932252] raid6: sse2x4   gen() 16364 MB/s
[    3.980101] raid6: sse2x4   xor() 10164 MB/s
[    4.028323] raid6: avx2x1   gen() 22866 MB/s
[    4.076227] raid6: avx2x1   xor() 14194 MB/s
[    4.124040] raid6: avx2x2   gen() 24071 MB/s
[    4.172126] raid6: avx2x2   xor() 13847 MB/s
[    4.220277] raid6: avx2x4   gen() 24666 MB/s
[    4.268261] raid6: avx2x4   xor() 15379 MB/s
[    4.269405] raid6: using algorithm avx2x4 gen() 24666 MB/s
[    4.270753] raid6: .... xor() 15379 MB/s, rmw enabled
[    4.272082] raid6: using avx2x2 recovery algorithm
[    4.274681] xor: automatically using best checksumming function   avx       
[    4.277635] async_tx: api initialized (async)
done.
Begin: Running /scripts/init-premount ... done.
Begin: Mounting root file system ... Begin: Running /scripts/local-top ... done.
Begin: Running /scripts/local-premount ... [    4.322123] Btrfs loaded, crc32c=crc32c-intel
Scanning for Btrfs filesystems
done.
Warning: fsck not present, so skipping root file system
[    4.361369] EXT4-fs (sda1): mounted filesystem with ordered data mode. Opts: (null)
done.
Begin: Running /scripts/local-bottom ... done.
Begin: Running /scripts/init-bottom ... done.
[    4.559357] ip_tables: (C) 2000-2006 Netfilter Core Team
[    4.570256] systemd[1]: systemd 237 running in system mode. (+PAM +AUDIT +SELINUX +IMA +APPARMOR +SMACK +SYSVINIT +UTMP +LIBCRYPTSETUP +GCRYPT +GNUTLS +ACL +XZ +LZ4 +SECCOMP +BLKID +ELFUTILS +KMOD -IDN2 +IDN -PCRE2 default-hierarchy=hybrid)
[    4.575462] systemd[1]: Detected virtualization oracle.
[    4.576845] systemd[1]: Detected architecture x86-64.

Welcome to [1mUbuntu 18.04.3 LTS[0m!

[    4.583576] systemd[1]: Set hostname to <ubuntu>.
[    4.591611] systemd[1]: Initializing machine ID from random generator.
[    4.593299] systemd[1]: Installed transient /etc/machine-id file.
[    4.943216] systemd[1]: Created slice System Slice.
[[0;32m  OK  [0m] Created slice System Slice.
[    4.945619] systemd[1]: Listening on Journal Audit Socket.
[[0;32m  OK  [0m] Listening on Journal Audit Socket.
[    4.947847] systemd[1]: Listening on Journal Socket (/dev/log).
[[0;32m  OK  [0m] Listening on Journal Socket (/dev/log).
[    4.950174] systemd[1]: Listening on LVM2 poll daemon socket.
[[0;32m  OK  [0m] Listening on LVM2 poll daemon socket.
[[0;32m  OK  [0m] Listening on Syslog Socket.
[[0;32m  OK  [0m] Reached target System Time Synchronized.
[[0;32m  OK  [0m] Reached target Swap.
[[0;32m  OK  [0m] Listening on Journal Socket.
         Starting Journal Service...
         Mounting Huge Pages File System...
         Mounting Kernel Debug File System...
         Starting Remount Root and Kernel File Systems...
         Starting Uncomplicated firewall...
[[0;32m  OK  [0m] Listening on Device-mapper event daemon FIFOs.
[[0;32m  OK  [0m] Set up automount Arbitrary Executab…rmats File System Automount Point.
[[0;32m  OK  [0m] Listening on udev Kernel Socket.
[[0;32m  OK  [0m] Started Forward Password Requests to Wall Directory Watch.
[    4.986105] EXT4-fs (sda1): re-mounted. Opts: (null)
[[0;32m  OK  [0m] Reached target User and Group Name Lookups.
[[0;32m  OK  [0m] Listening on udev Control Socket.
         Starting Create list of required st…ce nodes for the current kernel...
[[0;32m  OK  [0m] Created slice User and Session Slice.
[[0;32m  OK  [0m] Listening on LVM2 metadata daemon socket.
[[0;32m  OK  [0m] Listening on /dev/initctl Compatibility Named Pipe.
[[0;32m  OK  [0m] Created slice system-serial\x2dgetty.slice.
         Starting Set the console keyboard layout...
         Mounting POSIX Message Queue File System...
         Starting Monitoring of LVM2 mirrors…ng dmeventd or progress polling...
[[0;32m  OK  [0m] Listening on Network Service Netlink Socket.
[[0;32m  OK  [0m] Reached target Slices.
         Starting Load Kernel Modules...
         Starting udev Coldplug all Devices...
[[0;32m  OK  [0m] Started Journal Service.
[[0;32m  OK  [0m] Mounted Huge Pages File System.
[[0;32m  OK  [0m] Mounted Kernel Debug File System.
[[0;32m  OK  [0m] Started Remount Root and Kernel File Systems.
[[0;32m  OK  [0m] Started Uncomplicated firewall.
[[0;32m  OK  [0m] Started Create list of required sta…vice nodes for the current kernel.
[[0;32m  OK  [0m] Mounted POSIX Message Queue File System.
[[0;32m  OK  [0m] Started LVM2 metadata daemon.
         Starting Create Static Device Nodes in /dev...
[    5.114235] Loading iSCSI transport class v2.0-870.
         Starting Load/Save Random Seed...
         Starting Flush Journal to Persistent Storage...
[[0;32m  OK  [0m] Started Create Static Device Nodes in /dev.
[    5.187527] iscsi: registered transport (tcp)
         Starting udev Kernel Device Manager...
[[0;32m  OK  [0m] Started Monitoring of LVM2 mirrors,…sing dmeventd or progress polling.
[[0;32m  OK  [0m] Started Load/Save Random Seed.
[    5.249435] systemd-journald[385]: Received request to flush runtime journal from PID 1
[    5.268097] iscsi: registered transport (iser)
[[0;32m  OK  [0m] Started Load Kernel Modules.
         Starting Apply Kernel Variables...
         Mounting Kernel Configuration File System...
         Mounting FUSE Control File System...
[[0;32m  OK  [0m] Mounted Kernel Configuration File System.
[[0;32m  OK  [0m] Mounted FUSE Control File System.
[[0;32m  OK  [0m] Started udev Coldplug all Devices.
[[0;32m  OK  [0m] Started udev Kernel Device Manager.
[[0;32m  OK  [0m] Started Apply Kernel Variables.
[[0;32m  OK  [0m] Started Set the console keyboard layout.
[[0;32m  OK  [0m] Reached target Local File Systems (Pre).
[[0;32m  OK  [0m] Reached target Local File Systems.
         Starting ebtables ruleset management...
         Starting AppArmor initialization...
         Starting Tell Plymouth To Write Out Runtime Data...
         Starting Commit a transient machine-id on disk...
         Starting Set console font and keymap...
[[0;32m  OK  [0m] Started Dispatch Password Requests to Console Directory Watch.
[[0;32m  OK  [0m] Reached target Local Encrypted Volumes.
[[0;32m  OK  [0m] Started Flush Journal to Persistent Storage.
         Starting Create Volatile Files and Directories...
[[0;32m  OK  [0m] Started Tell Plymouth To Write Out Runtime Data.
[[0;32m  OK  [0m] Started Set console font and keymap.
[[0;32m  OK  [0m] Started Create Volatile Files and Directories.
         Starting Update UTMP about System Boot/Shutdown...
[[0;32m  OK  [0m] Started Update UTMP about System Boot/Shutdown.
[[0;32m  OK  [0m] Started Commit a transient machine-id on disk.
[[0;32m  OK  [0m] Started ebtables ruleset management.
[[0;32m  OK  [0m] Found device /dev/ttyS0.
[[0;32m  OK  [0m] Listening on Load/Save RF Kill Switch Status /dev/rfkill Watch.
[[0;32m  OK  [0m] Started AppArmor initialization.
         Starting Initial cloud-init job (pre-networking)...
[    8.683688] cloud-init[554]: Cloud-init v. 19.3-41-gc4735dd3-0ubuntu1~18.04.1 running 'init-local' at Mon, 27 Jan 2020 14:19:29 +0000. Up 8.21 seconds.
[[0;32m  OK  [0m] Started Initial cloud-init job (pre-networking).
[[0;32m  OK  [0m] Reached target Network (Pre).
         Starting Network Service...
[[0;32m  OK  [0m] Started Network Service.
         Starting Network Name Resolution...
         Starting Wait for Network to be Configured...
[[0;32m  OK  [0m] Started Network Name Resolution.
[[0;32m  OK  [0m] Reached target Host and Network Name Lookups.
[[0;32m  OK  [0m] Reached target Network.
[[0;32m  OK  [0m] Started Wait for Network to be Configured.
         Starting Initial cloud-init job (metadata service crawler)...
[   10.733439] cloud-init[688]: Cloud-init v. 19.3-41-gc4735dd3-0ubuntu1~18.04.1 running 'init' at Mon, 27 Jan 2020 14:19:32 +0000. Up 10.51 seconds.
[   10.735956] cloud-init[688]: ci-info: ++++++++++++++++++++++++++++++++++++++Net device info++++++++++++++++++++++++++++++++++++++
[   10.752552] cloud-init[688]: ci-info: +--------+------+----------------------------+---------------+--------+-------------------+
[   10.764261] cloud-init[688]: ci-info: | Device |  Up  |          Address           |      Mask     | Scope  |     Hw-Address    |
[   10.765305] cloud-init[688]: ci-info: +--------+------+----------------------------+---------------+--------+-------------------+
[   10.766519] cloud-init[688]: ci-info: | enp0s3 | True |         10.0.2.15          | 255.255.255.0 | global | 02:22:e7:1f:39:14 |
[   10.768642] cloud-init[688]: ci-info: | enp0s3 | True | fe80::22:e7ff:fe1f:3914/64 |       .       |  link  | 02:22:e7:1f:39:14 |
[   10.770682] cloud-init[688]: ci-info: |   lo   | True |         127.0.0.1          |   255.0.0.0   |  host  |         .         |
[   10.784276] cloud-init[688]: ci-info: |   lo   | True |          ::1/128           |       .       |  host  |         .         |
[   10.796985] cloud-init[688]: ci-info: +--------+------+----------------------------+---------------+--------+-------------------+
[   10.808497] cloud-init[688]: ci-info: ++++++++++++++++++++++++++++Route IPv4 info+++++++++++++++++++++++++++++
[   10.810920] cloud-init[688]: ci-info: +-------+-------------+----------+-----------------+-----------+-------+
[   10.813307] cloud-init[688]: ci-info: | Route | Destination | Gateway  |     Genmask     | Interface | Flags |
[   10.814322] cloud-init[688]: ci-info: +-------+-------------+----------+-----------------+-----------+-------+
[   10.815302] cloud-init[688]: ci-info: |   0   |   0.0.0.0   | 10.0.2.2 |     0.0.0.0     |   enp0s3  |   UG  |
[   10.828215] cloud-init[688]: ci-info: |   1   |   10.0.2.0  | 0.0.0.0  |  255.255.255.0  |   enp0s3  |   U   |
[   10.830159] cloud-init[688]: ci-info: |   2   |   10.0.2.2  | 0.0.0.0  | 255.255.255.255 |   enp0s3  |   UH  |
[   10.844327] cloud-init[688]: ci-info: +-------+-------------+----------+-----------------+-----------+-------+
[   10.845836] cloud-init[688]: ci-info: +++++++++++++++++++Route IPv6 info+++++++++++++++++++
[   10.846882] cloud-init[688]: ci-info: +-------+-------------+---------+-----------+-------+
[   10.856451] cloud-init[688]: ci-info: | Route | Destination | Gateway | Interface | Flags |
[   10.872812] cloud-init[688]: ci-info: +-------+-------------+---------+-----------+-------+
[   10.873634] cloud-init[688]: ci-info: |   1   |  fe80::/64  |    ::   |   enp0s3  |   U   |
[   10.874433] cloud-init[688]: ci-info: |   3   |    local    |    ::   |   enp0s3  |   U   |
[   10.875283] cloud-init[688]: ci-info: |   4   |   ff00::/8  |    ::   |   enp0s3  |   U   |
[   10.888208] cloud-init[688]: ci-info: +-------+-------------+---------+-----------+-------+
[   11.578162] cloud-init[688]: Generating public/private rsa key pair.
[   11.578979] cloud-init[688]: Your identification has been saved in /etc/ssh/ssh_host_rsa_key.
[   11.579861] cloud-init[688]: Your public key has been saved in /etc/ssh/ssh_host_rsa_key.pub.
[   11.592467] cloud-init[688]: The key fingerprint is:
[   11.593258] cloud-init[688]: SHA256:utZbS8FO6unOrkcY1pbeBrygp2mg7/MrEHOwkaTKvI0 root@ubuntu-bionic
[   11.604663] cloud-init[688]: The key's randomart image is:
[   11.605325] cloud-init[688]: +---[RSA 2048]----+
[   11.616408] cloud-init[688]: |.o               |
[   11.628335] cloud-init[688]: |=                |
[   11.640724] cloud-init[688]: |.+     o .       |
[   11.641005] cloud-init[688]: |B .   + *.       |
[   11.641537] cloud-init[688]: |.*   o *S++      |
[   11.641653] cloud-init[[688]: |. = . o.++o.     |
[   11.641758] [0;32m  OK  [0mcloud-init[688]: | E o +.o..+      |
[   11.642607] cloud-init[688]: |. o + .+o+ .     |
[   11.642791] cloud-init[688]: ] | oo=ooo*O..      |Started Initial cloud-init job (metadata service crawler).

[   11.642928] cloud-init[688]: +----[SHA256]-----+
[   11.643378] cloud-init[688]: Generating public/private dsa key pair.
[   11.643760] cloud-init[688]: Your identification has been saved in /etc/ssh/ssh_host_dsa_key.
[   11.645507] cloud-init[688]: Your public key has been saved in /etc/ssh/ssh_host_dsa_key.pub.
[   11.646336] cloud-init[688]: The key fingerprint is:
[[0;32m  OK  [0m] Reached target Cloud-config availability.
[   11.646811] cloud-init[688]: SHA256:36BEr6KlSVrguASEsOuu/8Q9WnSeJxLB8xogTfgEt4Q root@ubuntu-bionic
[[0;32m  OK  [0m[   11.660328] cloud-init[688]: The key's randomart image is:
[   11.660729] cloud-init[688]: +---[DSA 1024]----+
[   11.660819] cloud-init[688]: |. .++            |
] Reached target System Initialization.
[   11.661032] cloud-init[688]: |o.E=.o           |
[   11.661447] cloud-init[688]: |o..o+ + .        |
[   11.662114] cloud-init[688]: |.. ... = .       |
[   11.662749] cloud-init[688]: |o .   + S o      |
[   11.663277] cloud-init[688]: |oo o o B = o     |
[   11.664473] cloud-init[688]: |.o. = O * o .    |
[   11.665429] cloud-init[688]: |o. = B + o       |
[   11.665501] cloud-init[688]: |+oo.*            |
[   11.666254] cloud-init[688]: +----[SHA256]-----+
[   11.667196] cloud-init[688]: Generating public/private ecdsa key pair.
[   11.667705] cloud-init[688]: Your identification has been saved in /etc/ssh/ssh_host_ecdsa_key.
[   11.667960] cloud-init[688]: Your public key has been saved in /etc/ssh/ssh_host_ecdsa_key.pub.
[[0;32m  OK  [0m] Listening on D-Bus System Message Bus Socket.
[   11.676822] cloud-init[688]: The key fingerprint is:
[[0;32m  OK  [0m] Started ACPI Events Check.
[   11.689322] cloud-init[[0;32m  OK  [0m] Started Discard unused blocks once a week.
[688]: SHA256:Y0ElvdorwbOK+gSiz0IE/L0LqrCQzKo2pPQeCLOgkfc root@ubuntu-bionic
[[0;32m  OK  [0m] Started Daily apt download activities.
[   11.702699] cloud-init[688]: The key's randomart image is:
         Starting LXD - unix socket.
[[0;32m  OK  [0m] Listening on UUID daemon activation socket.
[[0;32m  OK  [0m] Listening on Open-iSCSI iscsid Socket.
[[0;32m  OK  [0m] Started Daily Cleanup of Temporary Directories.
[[0;32m  OK  [0m[   11.704212] ] Started Daily apt upgrade and clean activities.
[[0;32m  OK  [0m] Listening on ACPID Listen Socket.
[cloud-init[0;32m  OK  [0m] Reached target Paths.
[[0;32m  OK  [0m] Started Message of the Day.
[688]: +---[ECDSA 256]---+
         Starting Socket activation for snappy daemon.
[[0;32m  OK  [0m] Reached target Timers.
[[0;32m  OK  [0m] Reached target Network is Online.
[   11.719854] cloud-init[688]: |.       oo.      |
[   11.754347] cloud-init[688]: |..     . ..      |         Starting Availability of block devices...
[[0;32m  OK  [0m] Reached target Remote File Systems (Pre).
[[0;32m  OK  [0m] Reached target Remote File Systems.
[[0;32m  OK  [0m] Listening on LXD - unix socket.
[[0;32m  OK  [0m] Listening on Socket activation for snappy daemon.
[[0;32m  OK  [0m] Reached target Sockets.
[[0;32m  OK  [0m] Reached target Basic System.

[   11.758947] cloud-init         Starting LSB: automatic crash report generation...
         Starting Accounts Service...
[688]: |. . .   .  .     |
[   11.765452] [[0;32m  OK  [0m] Started irqbalance daemon.
cloud-init[688]: | o . .   ..      |
[   11.771252] cloud-init[688]: |O o   ..So       |
[   11.775219] cloud-init[688]: |B@.+ . .=..      |
[   11.778014] cloud-init[688]: |%+o.E .  + .     |
[   11.778868] cloud-init[688]: |*B o.o  o .      |
[   11.780403] cloud-init[688]: |O.*+o .. .       |
[   11.782335] cloud-init[688]: +----[SHA256]-----+
[   11.783420] cloud-init[688]: Generating public/private ed25519 key pair.
         Starting Dispatcher daemon for systemd-networkd...
         Starting Permit User Sessions...
         Starting LSB: Record successful boot for GRUB...
         Starting System Logging Service...
[   11.790790] cloud-init[688]: Your identification has been saved in /etc/ssh/ssh_host_ed25519_key.
[   11.793547] cloud-init[688]: Your public key has been saved in /etc/ssh/ssh_host_ed25519_key.pub.
[   11.796278] cloud-init[688]: The key fingerprint is:
[   11.797444] cloud-init[688]: SHA256:Oy34bzbVkKwPJw9PsUDdluPFv3ZEVhIYx2GkZegNJYM root@ubuntu-bionic
[   11.800227] cloud-init[688]: The key's randomart image is:
[   11.812495] cloud-init[688]: +--[ED25519 256]--+
[   11.824643] cloud-init[688]: |           o+O@=o|
[   11.828759] cloud-init[688]: |          E =O*.=|
[   11.829347] cloud-init[688]: |         . o.* =.|
[   11.829903] cloud-init[688]: |          . * o o|
[[0;32m  OK  [0m] Started Regular background program processing daemon.
         Starting Login Service...
[[0;32m  OK  [0m] Started Deferred execution scheduler.
[   11.846646] cloud-init[688]: |        S  o = ..|
         Starting Virtualbox guest utils...
[   11.871079] cloud-init[688]: |       . o= = .o.|
[   11.874081] cloud-init[688]: |      . + .@  . .|
[   11.875777] cloud-init[688]: |       . o+ +    |
[   11.877818] cloud-init[688]: |        .+..     |
[   11.880000] cloud-init[688]: +----[SHA256]-----+
         Starting Pollinate to seed the pseudo random number generator...
         Starting Snappy daemon...
[[0;32m  OK  [0m] Started D-Bus System Message Bus.
[[0;32m  OK  [0m] Started FUSE filesystem for LXC.
         Starting LXD - container startup/shutdown...
[[0;32m  OK  [0m] Started System Logging Service.
[[0;32m  OK  [0m] Started Availability of block devices.
[[0;32m  OK  [0m] Started Permit User Sessions.
[[0;32m  OK  [0m] Started Login Service.
[[0;32m  OK  [0m] Started Unattended Upgrades Shutdown.
         Starting Hold until boot process finishes up...
         Starting Terminate Plymouth Boot Screen...
[[0;32m  OK  [0m] Started Hold until boot process finishes up.
[[0;32m  OK  [0m] Started Terminate Plymouth Boot Screen.
[[0;32m  OK  [0m] Started Serial Getty on ttyS0.
         Starting Set console scheme...
[[0;32m  OK  [0m] Started Set console scheme.
[[0;32m  OK  [0m] Created slice system-getty.slice.
[[0;32m  OK  [0m] Started Getty on tty1.
[[0;32m  OK  [0m] Reached target Login Prompts.
         Starting Authorization Manager...
[[0;32m  OK  [0m] Started Dispatcher daemon for systemd-networkd.
[[0;32m  OK  [0m] Started LSB: automatic crash report generation.
[[0;32m  OK  [0m] Started LSB: Record successful boot for GRUB.
[[0;32m  OK  [0m] Started Authorization Manager.
[[0;32m  OK  [0m] Started Accounts Service.
[[0;32m  OK  [0m] Started LXD - container startup/shutdown.
[[0;32m  OK  [0m] Started Virtualbox guest utils.
[[0;32m  OK  [0m] Started Snappy daemon.
         Starting Wait until snapd is fully seeded...
[[0;32m  OK  [0m] Started Pollinate to seed the pseudo random number generator.
         Starting OpenBSD Secure Shell server...
[[0;32m  OK  [0m] Started OpenBSD Secure Shell server.
[[0;32m  OK  [0m] Created slice User Slice of vagrant.
         Starting User Manager for UID 1000...
[[0;32m  OK  [0m] Started Session 1 of user vagrant.
[[0;32m  OK  [0m] Started User Manager for UID 1000.
[[0;32m  OK  [0m] Started Wait until snapd is fully seeded.
         Starting Apply the settings specified in cloud-config...
[[0;32m  OK  [0m] Reached target Multi-User System.
[[0;32m  OK  [0m] Reached target Graphical Interface.
         Starting Update UTMP about System Runlevel Changes...
[[0;32m  OK  [0m] Started Update UTMP about System Runlevel Changes.
[   15.768170] cloud-init[1198]: Cloud-init v. 19.3-41-gc4735dd3-0ubuntu1~18.04.1 running 'modules:config' at Mon, 27 Jan 2020 14:19:36 +0000. Up 14.86 seconds.
[[0;32m  OK  [0m] Started Apply the settings specified in cloud-config.
         Starting Execute cloud user/final scripts...
ci-info: no authorized ssh keys fingerprints found for user ubuntu.
<14>Jan 27 14:19:38 ec2: 
<14>Jan 27 14:19:38 ec2: #############################################################
<14>Jan 27 14:19:38 ec2: -----BEGIN SSH HOST KEY FINGERPRINTS-----
<14>Jan 27 14:19:38 ec2: 1024 SHA256:36BEr6KlSVrguASEsOuu/8Q9WnSeJxLB8xogTfgEt4Q root@ubuntu-bionic (DSA)
<14>Jan 27 14:19:38 ec2: 256 SHA256:Y0ElvdorwbOK+gSiz0IE/L0LqrCQzKo2pPQeCLOgkfc root@ubuntu-bionic (ECDSA)
<14>Jan 27 14:19:38 ec2: 256 SHA256:Oy34bzbVkKwPJw9PsUDdluPFv3ZEVhIYx2GkZegNJYM root@ubuntu-bionic (ED25519)
<14>Jan 27 14:19:38 ec2: 2048 SHA256:utZbS8FO6unOrkcY1pbeBrygp2mg7/MrEHOwkaTKvI0 root@ubuntu-bionic (RSA)
<14>Jan 27 14:19:38 ec2: -----END SSH HOST KEY FINGERPRINTS-----
<14>Jan 27 14:19:38 ec2: #############################################################
-----BEGIN SSH HOST KEY KEYS-----
ecdsa-sha2-nistp256 AAAAE2VjZHNhLXNoYTItbmlzdHAyNTYAAAAIbmlzdHAyNTYAAABBBD4tW/aJB6sl/eVE3oI8twu6ZbsZR5K/lSNOLoS2xpt8M92XAOcV6UxQT3YrpMYyDp+1cm3QVOlQh9mJVkxDmEc= root@ubuntu-bionic
ssh-ed25519 AAAAC3NzaC1lZDI1NTE5AAAAIOD2svTC51anLsIqCHQ1CFDXZz8TtkuHPT83IjTYn0/n root@ubuntu-bionic
ssh-rsa AAAAB3NzaC1yc2EAAAADAQABAAABAQC6PcOWbWaTd4gOdxeTSIWzIK+W2cM4g16XLqq8YpQtLhLCKqH/w5zLnK7nUnKSBgD+JBmwQytpnHgLqF5GQab3AwGbNzuN/tT5MGSA7lF1V3cMeRSPp2oGl30r+wWmnT2FWecNpc67JXd9ELA0IEwV5iZJW9xPL8LL0E4yLNjfa+27fUlEsSIxhv8YPMV5zQY8psnLxV3AM2s8l6lk699ZaafDysShCfXZo4zxZIllU93FB5VQuyYclw/faThMe0O8VNs3jXCyzJjAK6xnOu1AVzhFzn9tUb/Iio/WnZ42DtuW3gfzsH0Ue3+wUH0WFlWDCHlLkClLRAzy2YR0GjPj root@ubuntu-bionic
-----END SSH HOST KEY KEYS-----
[   17.093001] cloud-init[1285]: Cloud-init v. 19.3-41-gc4735dd3-0ubuntu1~18.04.1 running 'modules:final' at Mon, 27 Jan 2020 14:19:38 +0000. Up 16.79 seconds.
[   17.099612] cloud-init[1285]: ci-info: no authorized ssh keys fingerprints found for user ubuntu.
[   17.108189] cloud-init[1285]: Cloud-init v. 19.3-41-gc4735dd3-0ubuntu1~18.04.1 finished at Mon, 27 Jan 2020 14:19:38 +0000. Datasource DataSourceNoCloud [seed=/dev/sdb][dsmode=net].  Up 17.05 seconds

Ubuntu 18.04.3 LTS ubuntu-bionic ttyS0

ubuntu-bionic login: 